18/11/2022 17:04:02 - [INFO]: productDao.py: Récupération de tous les produits
18/11/2022 17:04:02 - [INFO]: productDao.py: Succès de récupération de tous les produits
18/11/2022 17:04:09 - [INFO]: productDao.py: Ajout du produit id : 0 ; description : test ; prix : 34
18/11/2022 17:04:09 - [INFO]: productDao.py: Succès de l'ajout du produit id : 0 ; description : test ; prix : 34
18/11/2022 17:04:12 - [INFO]: productDao.py: Récupération de tous les produits
18/11/2022 17:04:12 - [INFO]: productDao.py: Succès de récupération de tous les produits
18/11/2022 17:04:20 - [INFO]: productDao.py: Update du produit avec l'id 11
18/11/2022 17:04:22 - [INFO]: productDao.py: Récupération de tous les produits
18/11/2022 17:04:22 - [INFO]: productDao.py: Succès de récupération de tous les produits
18/11/2022 17:04:26 - [INFO]: productDao.py: Suppression du produit avec l'id 11
18/11/2022 17:04:26 - [INFO]: productDao.py: Succès de la suppression du produit avec l'id 11
18/11/2022 17:04:28 - [INFO]: productDao.py: Récupération de tous les produits
18/11/2022 17:04:28 - [INFO]: productDao.py: Succès de récupération de tous les produits
18/11/2022 17:04:32 - [INFO]: productDao.py: Récupération de tous les produits
18/11/2022 17:04:32 - [INFO]: productDao.py: Succès de récupération de tous les produits
18/11/2022 17:04:36 - [INFO]: productDao.py: Récupération du produit avec l'id 1
18/11/2022 17:04:36 - [INFO]: productDao.py: Le produit trouvé : id : 1 ; description : Table ; prix : 50.0
18/11/2022 17:04:38 - [INFO]: productDao.py: Récupération de tous les produits
18/11/2022 17:04:38 - [INFO]: productDao.py: Succès de récupération de tous les produits
18/11/2022 17:04:42 - [INFO]: productDao.py: Récupération de tous les produits
18/11/2022 17:04:42 - [INFO]: productDao.py: Succès de récupération de tous les produits
18/11/2022 17:04:45 - [INFO]: productDao.py: Récupération du produit avec l'id 2
18/11/2022 17:04:45 - [INFO]: productDao.py: Le produit trouvé : id : 2 ; description : Crayon ; prix : 1.5
18/11/2022 17:04:46 - [INFO]: productDao.py: Récupération de tous les produits
18/11/2022 17:04:46 - [INFO]: productDao.py: Succès de récupération de tous les produits
18/11/2022 17:04:50 - [INFO]: productDao.py: Récupération de tous les produits
18/11/2022 17:04:50 - [INFO]: productDao.py: Succès de récupération de tous les produits
18/11/2022 17:04:52 - [INFO]: productDao.py: Récupération du produit avec l'id 1
18/11/2022 17:04:52 - [INFO]: productDao.py: Le produit trouvé : id : 1 ; description : Table ; prix : 50.0
18/11/2022 17:04:53 - [INFO]: productDao.py: Récupération de tous les produits
18/11/2022 17:04:53 - [INFO]: productDao.py: Succès de récupération de tous les produits
18/11/2022 17:04:56 - [INFO]: productDao.py: Récupération de tous les produits
18/11/2022 17:04:56 - [INFO]: productDao.py: Succès de récupération de tous les produits
18/11/2022 17:05:25 - [INFO]: productDao.py: Récupération de tous les produits
18/11/2022 17:05:25 - [INFO]: productDao.py: Succès de récupération de tous les produits
18/11/2022 17:05:33 - [INFO]: productDao.py: Récupération de tous les produits
18/11/2022 17:05:33 - [INFO]: productDao.py: Succès de récupération de tous les produits
18/11/2022 17:07:00 - [INFO]: productDao.py: Récupération de tous les produits
18/11/2022 17:07:00 - [INFO]: productDao.py: Succès de récupération de tous les produits
18/11/2022 17:07:11 - [INFO]: productDao.py: Récupération de tous les produits
18/11/2022 17:07:11 - [INFO]: productDao.py: Succès de récupération de tous les produits
18/11/2022 17:08:10 - [INFO]: productDao.py: Récupération de tous les produits
18/11/2022 17:08:10 - [INFO]: productDao.py: Succès de récupération de tous les produits
18/11/2022 17:08:19 - [INFO]: productDao.py: Récupération de tous les produits
18/11/2022 17:08:19 - [INFO]: productDao.py: Succès de récupération de tous les produits
18/11/2022 17:08:20 - [INFO]: productDao.py: Récupération du produit avec l'id 1
18/11/2022 17:08:20 - [INFO]: productDao.py: Le produit trouvé : id : 1 ; description : Table ; prix : 50.0
18/11/2022 17:08:21 - [INFO]: productDao.py: Récupération de tous les produits
18/11/2022 17:08:21 - [INFO]: productDao.py: Succès de récupération de tous les produits
18/11/2022 17:08:22 - [INFO]: productDao.py: Récupération du produit avec l'id 2
18/11/2022 17:08:22 - [INFO]: productDao.py: Le produit trouvé : id : 2 ; description : Crayon ; prix : 1.5
18/11/2022 17:08:24 - [INFO]: productDao.py: Récupération de tous les produits
18/11/2022 17:08:24 - [INFO]: productDao.py: Succès de récupération de tous les produits
18/11/2022 17:08:27 - [INFO]: productDao.py: Récupération de tous les produits
18/11/2022 17:08:27 - [INFO]: productDao.py: Succès de récupération de tous les produits
18/11/2022 17:08:33 - [INFO]: productDao.py: Récupération de tous les produits
18/11/2022 17:08:33 - [INFO]: productDao.py: Succès de récupération de tous les produits
18/11/2022 17:08:58 - [INFO]: productDao.py: Récupération de tous les produits
18/11/2022 17:08:58 - [INFO]: productDao.py: Succès de récupération de tous les produits
18/11/2022 17:09:03 - [INFO]: productDao.py: Récupération de tous les produits
18/11/2022 17:09:03 - [INFO]: productDao.py: Succès de récupération de tous les produits
18/11/2022 17:09:04 - [INFO]: productDao.py: Récupération du produit avec l'id 1
18/11/2022 17:09:04 - [INFO]: productDao.py: Le produit trouvé : id : 1 ; description : Table ; prix : 50.0
18/11/2022 17:09:05 - [INFO]: productDao.py: Récupération de tous les produits
18/11/2022 17:09:05 - [INFO]: productDao.py: Succès de récupération de tous les produits
18/11/2022 17:09:07 - [INFO]: productDao.py: Récupération du produit avec l'id 2
18/11/2022 17:09:07 - [INFO]: productDao.py: Le produit trouvé : id : 2 ; description : Crayon ; prix : 1.5
18/11/2022 17:09:08 - [INFO]: productDao.py: Récupération de tous les produits
18/11/2022 17:09:08 - [INFO]: productDao.py: Succès de récupération de tous les produits
18/11/2022 17:09:11 - [INFO]: productDao.py: Récupération du produit avec l'id 3
18/11/2022 17:09:11 - [INFO]: productDao.py: Le produit trouvé : id : 3 ; description : PC DELL ; prix : 2550.0
18/11/2022 17:09:12 - [INFO]: productDao.py: Récupération de tous les produits
18/11/2022 17:09:12 - [INFO]: productDao.py: Succès de récupération de tous les produits
18/11/2022 17:09:14 - [INFO]: productDao.py: Récupération de tous les produits
18/11/2022 17:09:14 - [INFO]: productDao.py: Succès de récupération de tous les produits
18/11/2022 17:09:27 - [INFO]: productDao.py: Récupération de tous les produits
18/11/2022 17:09:27 - [INFO]: productDao.py: Succès de récupération de tous les produits
18/11/2022 17:09:37 - [INFO]: productDao.py: Récupération de tous les produits
18/11/2022 17:09:37 - [INFO]: productDao.py: Succès de récupération de tous les produits
